ubremen-r27-docks;1;1;27;1;650;600000;COBRA-Distributed;SUCCESS;34184;9615;8;11;19;13;3164;125;3573;1395;3573;1395;132088
ubremen-r27-docks;2;1;27;2;650;600000;COBRA-Distributed;SUCCESS;20645;12554;7;10;20;11;3196;150;3012;1777;3012;1777;97043
ubremen-r27-docks;3;1;27;3;650;600000;COBRA-Distributed;SUCCESS;17761;1816;9;14;18;8;3195;165;4577;1147;4611;1100;80812
ubremen-r27-docks;4;1;27;4;650;600000;COBRA-Distributed;SUCCESS;23477;13436;23;34;27;12;3085;76;3430;2020;3430;2020;92226
ubremen-r27-docks;5;1;27;5;650;600000;COBRA-Distributed;SUCCESS;18717;5038;8;12;20;12;3105;54;2570;151;2570;151;93045
ubremen-r27-docks;6;2;27;1;650;600000;COBRA-Distributed;SUCCESS;24952;12939;25;12;40;25;3274;254;3679;2305;3696;2285;106724
ubremen-r27-docks;7;2;27;2;650;600000;COBRA-Distributed;SUCCESS;31573;17071;31;31;75;64;3355;227;3892;1648;3909;1660;148508
ubremen-r27-docks;8;2;27;3;650;600000;COBRA-Distributed;SUCCESS;28630;14567;15;16;35;15;3324;227;3258;1385;3258;1385;133498
ubremen-r27-docks;9;2;27;4;650;600000;COBRA-Distributed;SUCCESS;25274;9826;31;19;35;11;3268;259;3680;1356;3696;1357;122468
ubremen-r27-docks;10;2;27;5;650;600000;COBRA-Distributed;SUCCESS;29382;8589;42;13;37;9;3304;304;4114;1607;4114;1607;139592
ubremen-r27-docks;11;3;27;1;650;600000;COBRA-Distributed;SUCCESS;19178;4670;39;16;42;25;3292;277;2877;1390;2910;1407;102058
ubremen-r27-docks;12;3;27;2;650;600000;COBRA-Distributed;SUCCESS;27905;19113;44;18;70;59;3385;249;4128;4356;4139;4351;131698
ubremen-r27-docks;13;3;27;3;650;600000;COBRA-Distributed;SUCCESS;24710;13150;36;27;45;29;3416;218;3768;2324;3802;2341;156066
ubremen-r27-docks;14;3;27;4;650;600000;COBRA-Distributed;SUCCESS;22254;11441;54;32;40;16;3448;237;4273;3071;4307;3088;101905
ubremen-r27-docks;15;3;27;5;650;600000;COBRA-Distributed;SUCCESS;21037;11499;31;18;69;70;3350;278;3555;1930;3577;1948;138355
ubremen-r27-docks;16;5;27;1;650;600000;COBRA-Distributed;SUCCESS;23857;15629;61;51;50;19;3340;266;3638;2243;3651;2247;167172
ubremen-r27-docks;18;5;27;3;650;600000;COBRA-Distributed;SUCCESS;22297;11583;1648844;6161016;38;25;3410;234;3958;3078;3971;3079;147543
ubremen-r27-docks;19;5;27;4;650;600000;COBRA-Distributed;SUCCESS;22701;15026;4989885;9933022;31;17;3263;242;3285;1832;3305;1842;195417
ubremen-r27-docks;20;5;27;5;650;600000;COBRA-Distributed;SUCCESS;24380;10639;72;66;41;17;3371;277;4588;1405;4617;1428;142437
ubremen-r27-docks;22;7;27;2;650;600000;COBRA-Distributed;SUCCESS;27230;17856;1233038;5460133;41;20;3286;267;4502;3239;5191;4655;198822
ubremen-r27-docks;24;7;27;4;650;600000;COBRA-Distributed;SUCCESS;23582;15084;2504048;7671057;42;25;3341;252;3844;2604;5810;5937;223242
ubremen-r27-docks;26;9;27;1;650;600000;COBRA-Distributed;SUCCESS;30497;14542;3011159;8467532;62;47;3395;249;5712;2747;5734;2743;278312
ubremen-r27-docks;27;9;27;2;650;600000;COBRA-Distributed;SUCCESS;21458;11876;95;60;71;50;3461;224;4478;3752;4493;3746;139907
ubremen-r27-docks;28;9;27;3;650;600000;COBRA-Distributed;SUCCESS;25558;12259;2037189;7165265;77;93;3336;262;4553;2817;4564;2820;207346
ubremen-r27-docks;29;9;27;4;650;600000;COBRA-Distributed;SUCCESS;22096;11991;1032420;5203560;114;261;3412;256;4209;3293;4893;3427;173162
ubremen-r27-docks;30;9;27;5;650;600000;COBRA-Distributed;SUCCESS;28999;15792;2069304;7262895;51;32;3433;242;5183;2941;5604;2987;220886
ubremen-r27-docks;31;10;27;1;650;600000;COBRA-Distributed;SUCCESS;27541;12913;940556;5018550;63;33;3374;266;5539;4027;5830;4101;202354
ubremen-r27-docks;32;10;27;2;650;600000;COBRA-Distributed;SUCCESS;30297;14609;951631;5053562;107;161;3340;263;5096;2425;5221;2401;216588
ubremen-r27-docks;35;10;27;5;650;600000;COBRA-Distributed;SUCCESS;23373;14995;1008429;5348701;58;33;3439;240;5292;4179;5305;4175;205925
ubremen-r27-docks;36;12;27;1;650;600000;COBRA-Distributed;SUCCESS;29528;12897;850417;4929686;92;65;3309;264;7574;5692;7591;5697;240543
ubremen-r27-docks;37;12;27;2;650;600000;COBRA-Distributed;SUCCESS;26380;13805;851810;4970160;81;49;3363;256;7257;5669;7450;5620;204175
ubremen-r27-docks;38;12;27;3;650;600000;COBRA-Distributed;SUCCESS;24582;12700;859829;5003573;82;64;3435;241;5523;3120;5554;3119;221442
ubremen-r27-docks;39;12;27;4;650;600000;COBRA-Distributed;SUCCESS;24325;12962;858144;5041473;110;181;3322;276;5096;3110;5233;3152;192439
ubremen-r27-docks;40;12;27;5;650;600000;COBRA-Distributed;SUCCESS;22502;10949;863265;5073489;79;37;3328;266;4849;2767;5567;3539;166996
ubremen-r27-docks;41;15;27;1;650;600000;COBRA-Distributed;SUCCESS;29660;4129;704156;4574117;94;85;3377;244;6469;6240;6912284;12915427;238568
ubremen-r27-docks;42;15;27;2;650;600000;COBRA-Distributed;SUCCESS;25511;12172;698302;4611164;78;42;3420;241;5555;3076;6261;4258;171646
ubremen-r27-docks;43;15;27;3;650;600000;COBRA-Distributed;SUCCESS;24308;14819;717871;4634173;80;42;3419;239;6289;4094;7612;5043;255000
ubremen-r27-docks;44;15;27;4;650;600000;COBRA-Distributed;SUCCESS;26458;11865;537;769;102;111;3360;264;6338;4669;7414;6644;164672
ubremen-r27-docks;45;15;27;5;650;600000;COBRA-Distributed;SUCCESS;24316;13637;1432892;6566875;77;46;3419;248;5837;4087;6209;4642;213851
