empty-hall-r25-docks;1;1;25;1;650;600000;COBRA-Distributed;SUCCESS;36894;3029;197;279;90;26;3166;66;9944;759;9944;759;160056
empty-hall-r25-docks;2;1;25;2;650;600000;COBRA-Distributed;SUCCESS;18766;2407;19;27;34;14;3092;59;5110;1159;5110;1159;97483
empty-hall-r25-docks;3;1;25;3;650;600000;COBRA-Distributed;SUCCESS;31470;5352;18;27;33;22;3196;115;9061;1296;9094;1257;135470
empty-hall-r25-docks;4;1;25;4;650;600000;COBRA-Distributed;SUCCESS;14306;7620;22;32;33;11;3134;8;3684;1951;3684;1951;65663
empty-hall-r25-docks;5;1;25;5;650;600000;COBRA-Distributed;SUCCESS;17913;8314;18;26;21;8;3168;130;4876;2813;4876;2813;97809
empty-hall-r25-docks;6;2;25;1;650;600000;COBRA-Distributed;SUCCESS;17882;13316;67;81;89;84;3244;160;4683;3590;4700;3616;86851
empty-hall-r25-docks;7;2;25;2;650;600000;COBRA-Distributed;SUCCESS;23540;11158;54;26;65;44;3406;204;6523;3252;6523;3252;127714
empty-hall-r25-docks;8;2;25;3;650;600000;COBRA-Distributed;SUCCESS;28730;12312;69;45;58;40;3370;253;7484;3512;7518;3523;149201
empty-hall-r25-docks;9;2;25;4;650;600000;COBRA-Distributed;SUCCESS;15386;6644;57;30;41;11;3439;206;4173;1749;4173;1749;87145
empty-hall-r25-docks;10;2;25;5;650;600000;COBRA-Distributed;SUCCESS;20970;8383;50;24;27;10;3501;189;5794;2514;5844;2541;114923
empty-hall-r25-docks;11;3;25;1;650;600000;COBRA-Distributed;SUCCESS;27461;17070;75;39;76;34;3391;224;7660;4828;12260;11321;155374
empty-hall-r25-docks;12;3;25;2;650;600000;COBRA-Distributed;SUCCESS;31142;15533;50;20;58;34;3331;260;8044;3990;8044;3990;179118
empty-hall-r25-docks;13;3;25;3;650;600000;COBRA-Distributed;SUCCESS;23204;8381;54;25;36;17;3445;212;6444;2522;6455;2540;129743
empty-hall-r25-docks;14;3;25;4;650;600000;COBRA-Distributed;SUCCESS;27360;9519;58;29;41;26;3475;203;6921;2419;6932;2427;148815
empty-hall-r25-docks;15;3;25;5;650;600000;COBRA-Distributed;SUCCESS;28334;12632;54;10;51;23;3580;43;7452;3230;7475;3237;154737
empty-hall-r25-docks;16;5;25;1;650;600000;COBRA-Distributed;SUCCESS;26882;12680;87;27;79;50;3416;256;6951;3274;6957;3275;145414
empty-hall-r25-docks;17;5;25;2;650;600000;COBRA-Distributed;SUCCESS;24634;13417;74;14;71;35;3424;244;6554;3451;6574;3444;163882
empty-hall-r25-docks;18;5;25;3;650;600000;COBRA-Distributed;SUCCESS;26934;10116;79;21;54;28;3458;210;6739;2705;6752;2685;146097
empty-hall-r25-docks;19;5;25;4;650;600000;COBRA-Distributed;SUCCESS;24259;12885;78;41;54;25;3361;261;6270;3455;6303;3444;160504
empty-hall-r25-docks;20;5;25;5;650;600000;COBRA-Distributed;SUCCESS;22966;10257;70;15;54;30;3533;159;6105;2985;6112;2980;124648
empty-hall-r25-docks;21;7;25;1;650;600000;COBRA-Distributed;SUCCESS;20247;13369;93;40;75;53;3342;253;5556;3481;5575;3480;156730
empty-hall-r25-docks;22;7;25;2;650;600000;COBRA-Distributed;SUCCESS;23472;11805;85;26;64;34;3486;213;6277;2977;7501;5566;172808
empty-hall-r25-docks;23;7;25;3;650;600000;COBRA-Distributed;SUCCESS;28106;14068;83;47;82;59;3450;215;7678;3840;7702;3854;158428
empty-hall-r25-docks;24;7;25;4;650;600000;COBRA-Distributed;SUCCESS;26502;12661;80;15;78;48;3409;259;6982;3271;7001;3289;159941
empty-hall-r25-docks;25;7;25;5;650;600000;COBRA-Distributed;SUCCESS;18829;12854;90;45;56;27;3455;204;4854;3314;5179;3543;168737
empty-hall-r25-docks;26;9;25;1;650;600000;COBRA-Distributed;SUCCESS;25719;15253;109;66;108;115;3414;247;6835;3885;6853;3870;167635
empty-hall-r25-docks;27;9;25;2;650;600000;COBRA-Distributed;SUCCESS;23923;13233;88;29;79;76;3435;235;6425;3475;6433;3471;164701
empty-hall-r25-docks;28;9;25;3;650;600000;COBRA-Distributed;SUCCESS;26353;13864;95;42;81;64;3399;242;6852;3484;6874;3482;215049
empty-hall-r25-docks;29;9;25;4;650;600000;COBRA-Distributed;SUCCESS;24420;14889;85;29;80;58;3369;269;6623;3916;6627;3918;164343
empty-hall-r25-docks;30;9;25;5;650;600000;COBRA-Distributed;SUCCESS;24303;10293;108;67;70;51;3438;232;6571;2655;6590;2651;172193
empty-hall-r25-docks;31;10;25;1;650;600000;COBRA-Distributed;SUCCESS;24207;12821;126;121;114;104;3406;243;6730;3518;6740;3515;188755
empty-hall-r25-docks;32;10;25;2;650;600000;COBRA-Distributed;SUCCESS;22095;14437;105;62;75;56;3393;225;5929;3574;5949;3577;184930
empty-hall-r25-docks;33;10;25;3;650;600000;COBRA-Distributed;SUCCESS;21996;12198;86;13;71;55;3398;249;6028;3203;6048;3198;189127
empty-hall-r25-docks;34;10;25;4;650;600000;COBRA-Distributed;SUCCESS;22060;11830;169755;883276;64;41;3404;247;6016;2926;6328;3104;177362
empty-hall-r25-docks;35;10;25;5;650;600000;COBRA-Distributed;SUCCESS;27419;12488;85;30;96;79;3431;248;7523;3413;7540;3415;195558
empty-hall-r25-docks;36;12;25;1;650;600000;COBRA-Distributed;SUCCESS;31372;0;183;386;92;107;3439;236;6693;2558;1477369;2367211;158453
empty-hall-r25-docks;37;12;25;2;650;600000;COBRA-Distributed;SUCCESS;24770;7255;111;60;78;40;3425;243;6441;2474;310197;1250773;192658
empty-hall-r25-docks;38;12;25;3;650;600000;COBRA-Distributed;SUCCESS;26006;11872;100;39;86;52;3425;245;6999;3217;7019;3206;171355
empty-hall-r25-docks;39;12;25;4;650;600000;COBRA-Distributed;SUCCESS;28174;7970;340335;1335814;86;62;3449;224;6052;3488;1312479;2436179;235125
empty-hall-r25-docks;40;12;25;5;650;600000;COBRA-Distributed;SUCCESS;24964;14353;105;54;98;77;3412;264;6685;3642;6696;3649;207385
empty-hall-r25-docks;41;15;25;1;650;600000;COBRA-Distributed;SUCCESS;22405;13638;434609;1563587;135;132;3434;225;6214;3652;6234;3644;239725
empty-hall-r25-docks;42;15;25;2;650;600000;COBRA-Distributed;SUCCESS;24828;11442;138;145;111;87;3428;243;6674;3353;441590;1624595;157215
empty-hall-r25-docks;43;15;25;3;650;600000;COBRA-Distributed;SUCCESS;24369;13562;118;57;122;96;3405;253;6837;3737;7792;5644;162381
empty-hall-r25-docks;45;15;25;5;650;600000;COBRA-Distributed;SUCCESS;27915;8260;180;234;85;56;3373;251;6021;3134;1728100;3218468;153022
