warehouse-r25-docks;1;1;25;1;650;600000;COBRA-Distributed;SUCCESS;24396;5369;8;13;33;11;3198;177;5130;1485;5130;1485;107521
warehouse-r25-docks;2;1;25;2;650;600000;COBRA-Distributed;SUCCESS;31762;5816;8;13;23;8;3071;80;5753;948;5753;948;138283
warehouse-r25-docks;3;1;25;3;650;600000;COBRA-Distributed;SUCCESS;40926;13957;7;11;34;21;3095;15;7853;2911;7853;2911;159741
warehouse-r25-docks;4;1;25;4;650;600000;COBRA-Distributed;SUCCESS;32243;2230;15;22;21;15;3172;89;6115;208;6149;212;126954
warehouse-r25-docks;5;1;25;5;650;600000;COBRA-Distributed;SUCCESS;32351;1677;11;16;19;8;3085;47;5165;890;5165;890;141698
warehouse-r25-docks;6;2;25;1;650;600000;COBRA-Distributed;SUCCESS;26090;9870;39;15;33;10;3241;245;5134;2042;5167;2033;126349
warehouse-r25-docks;7;2;25;2;650;600000;COBRA-Distributed;SUCCESS;36252;8692;28;15;43;11;3364;259;6689;1974;6689;1974;158593
warehouse-r25-docks;8;2;25;3;650;600000;COBRA-Distributed;SUCCESS;29453;14941;39;17;35;10;3323;251;5893;3321;5893;3321;145702
warehouse-r25-docks;9;2;25;4;650;600000;COBRA-Distributed;SUCCESS;37055;16006;26;18;45;23;3197;216;7207;3750;7207;3750;207425
warehouse-r25-docks;10;2;25;5;650;600000;COBRA-Distributed;SUCCESS;34807;15398;35;20;38;9;3279;257;6060;2731;6060;2731;178856
warehouse-r25-docks;11;3;25;1;650;600000;COBRA-Distributed;SUCCESS;34311;12827;41;12;43;14;3329;274;6662;2542;6673;2551;173627
warehouse-r25-docks;12;3;25;2;650;600000;COBRA-Distributed;SUCCESS;34764;10846;44;13;38;11;3569;108;5952;2068;5963;2086;167623
warehouse-r25-docks;13;3;25;3;650;600000;COBRA-Distributed;SUCCESS;32781;16381;33;20;45;17;3308;244;6043;3435;6054;3443;153339
warehouse-r25-docks;14;3;25;4;650;600000;COBRA-Distributed;SUCCESS;29050;13543;42;19;40;19;3393;259;5573;2385;5595;2371;143445
warehouse-r25-docks;15;3;25;5;650;600000;COBRA-Distributed;SUCCESS;28714;11250;41;8;42;10;3359;282;5407;2537;5429;2522;170993
warehouse-r25-docks;16;5;25;1;650;600000;COBRA-Distributed;SUCCESS;29907;12786;53;11;58;19;3391;245;6064;2753;6077;2757;169782
warehouse-r25-docks;17;5;25;2;650;600000;COBRA-Distributed;SUCCESS;34439;11391;50;8;61;20;3452;246;6636;2550;699655;2591241;161738
warehouse-r25-docks;18;5;25;3;650;600000;COBRA-Distributed;SUCCESS;30901;9285;51;17;47;17;3458;227;5845;1892;5871;1875;157312
warehouse-r25-docks;19;5;25;4;650;600000;COBRA-Distributed;SUCCESS;27925;10474;51;11;57;21;3439;238;5574;2409;5594;2396;142445
warehouse-r25-docks;20;5;25;5;650;600000;COBRA-Distributed;SUCCESS;33234;15254;65;27;56;24;3362;258;6397;2697;6417;2692;166293
warehouse-r25-docks;21;7;25;1;650;600000;COBRA-Distributed;SUCCESS;27828;12153;68;38;54;23;3321;258;5787;2741;5802;2744;163901
warehouse-r25-docks;22;7;25;2;650;600000;COBRA-Distributed;SUCCESS;28250;12800;71;36;54;20;3361;258;5557;2697;5562;2697;175863
warehouse-r25-docks;23;7;25;3;650;600000;COBRA-Distributed;SUCCESS;30392;12101;72;17;71;40;3396;248;5668;2610;5697;2611;191197
warehouse-r25-docks;25;7;25;5;650;600000;COBRA-Distributed;SUCCESS;34710;11393;71;34;59;25;3397;261;7115;2615;7808;2694;199545
warehouse-r25-docks;26;9;25;1;650;600000;COBRA-Distributed;SUCCESS;32182;10417;94;61;65;30;3447;216;6104;2514;6119;2527;173181
warehouse-r25-docks;27;9;25;2;650;600000;COBRA-Distributed;SUCCESS;28650;12699;78;30;61;31;3385;255;5542;2431;5557;2432;168946
warehouse-r25-docks;28;9;25;3;650;600000;COBRA-Distributed;SUCCESS;31281;12226;90;41;58;25;3469;223;6357;2936;6375;2942;171870
warehouse-r25-docks;29;9;25;4;650;600000;COBRA-Distributed;SUCCESS;29151;13161;521582;2597818;62;35;3307;255;5928;3032;5950;3024;196694
warehouse-r25-docks;30;9;25;5;650;600000;COBRA-Distributed;SUCCESS;33749;10895;74;33;61;29;3377;259;7003;2820;7014;2832;196433
warehouse-r25-docks;31;10;25;1;650;600000;COBRA-Distributed;SUCCESS;32016;12106;85;27;66;39;3424;229;6339;2513;6352;2509;185943
warehouse-r25-docks;32;10;25;2;650;600000;COBRA-Distributed;SUCCESS;33759;11461;87;36;75;41;3331;269;6464;3353;963009;3577311;216712
warehouse-r25-docks;33;10;25;3;650;600000;COBRA-Distributed;SUCCESS;31314;13763;493880;2613335;77;39;3395;249;6815;3178;6822;3174;210412
warehouse-r25-docks;34;10;25;4;650;600000;COBRA-Distributed;SUCCESS;33097;12430;510504;2649529;93;94;3384;254;7133;2757;7143;2755;256126
warehouse-r25-docks;35;10;25;5;650;600000;COBRA-Distributed;SUCCESS;33598;12423;74;18;80;33;3383;258;7347;2763;7742;3243;187607
warehouse-r25-docks;37;12;25;2;650;600000;COBRA-Distributed;SUCCESS;35216;0;112;50;74;42;3454;217;6185;3149;3498585;7100945;173653
warehouse-r25-docks;38;12;25;3;650;600000;COBRA-Distributed;SUCCESS;32104;10659;517432;2980713;85;86;3399;258;6503;2495;6509;2489;231910
warehouse-r25-docks;39;12;25;4;650;600000;COBRA-Distributed;SUCCESS;29602;12638;111;74;83;51;3470;227;5919;3548;1026908;4206518;180856
warehouse-r25-docks;40;12;25;5;650;600000;COBRA-Distributed;SUCCESS;28293;11507;526318;3050559;65;29;3363;254;5803;2579;6349;3541;210437
warehouse-r25-docks;41;15;25;1;650;600000;COBRA-Distributed;SUCCESS;33668;13279;166;145;98;47;3382;256;7277;3216;424000;2760827;203320
warehouse-r25-docks;42;15;25;2;650;600000;COBRA-Distributed;SUCCESS;32821;11214;147;158;91;58;3358;258;7048;3423;7059;3425;182109
warehouse-r25-docks;43;15;25;3;650;600000;COBRA-Distributed;SUCCESS;31596;10506;435603;2823561;89;64;3342;254;6859;2562;6872;2574;217862
warehouse-r25-docks;44;15;25;4;650;600000;COBRA-Distributed;SUCCESS;29424;12999;1320518;4835025;76;50;3328;267;6319;3082;6332;3082;289269
warehouse-r25-docks;45;15;25;5;650;600000;COBRA-Distributed;SUCCESS;34438;8679;446085;2898572;84;34;3392;250;6814;2803;1319304;4908996;216544
